<?xml version="1.0" encoding="UTF-8"?>
<!-- Generated by org.testng.reporters.JUnitReportReporter -->
<testsuite hostname="Rishis-MacBook-Pro.local" failures="0" tests="1" name="test.GetandPostExample" time="2.222" errors="0" timestamp="2022-07-05T23:22:12 PDT" skipped="0">
  <testcase classname="test.GetandPostExample" name="postCreateToken" time="2.222"/>
  <system-out/>
</testsuite> <!-- test.GetandPostExample -->
