<?xml version="1.0" encoding="UTF-8"?>
<!-- Generated by org.testng.reporters.JUnitReportReporter -->
<testsuite hostname="Rishis-MacBook-Pro.local" failures="0" tests="2" name="test.PutPatchandDeleteExample" time="1.333" errors="0" timestamp="2022-07-06T19:35:58 PDT" skipped="0">
  <testcase classname="test.PutPatchandDeleteExample" name="putUpdateBooking" time="0.878"/>
  <system-out/>
  <testcase classname="test.PutPatchandDeleteExample" name="deleteBooking" time="0.455"/>
  <system-out/>
</testsuite> <!-- test.PutPatchandDeleteExample -->
