<?xml version="1.0" encoding="UTF-8"?>
<!-- Generated by org.testng.reporters.JUnitReportReporter -->
<testsuite hostname="Rishis-MacBook-Pro.local" failures="0" tests="1" name="test.TestExample" time="3.596" errors="0" timestamp="2022-07-05T18:07:54 PDT" skipped="0">
  <testcase classname="test.TestExample" name="test_2" time="3.596"/>
  <system-out/>
</testsuite> <!-- test.TestExample -->
